<?xml version="1.0" encoding="UTF-8"?>
<!-- Generated by org.testng.reporters.JUnitReportReporter -->
<testsuite hostname="DESKTOP-94P5TL7" failures="0" tests="6" name="com.sample.maven.SignInTest" time="4.527" errors="0" timestamp="2021-02-18T20:20:11 CET" skipped="1">
  <testcase classname="com.sample.maven.SignInTest" name="signIn" time="1.331"/>
  <system-out/>
  <testcase classname="com.sample.maven.SignInTest" name="signIn" time="1.008"/>
  <system-out/>
  <testcase classname="com.sample.maven.SignInTest" name="signIn" time="0.999"/>
  <system-out/>
  <testcase classname="com.sample.maven.SignInTest" name="forgotPassword" time="1.186"/>
  <system-out/>
  <testcase classname="com.sample.maven.SignInTest" name="failureTest" time="0.002"/>
  <system-out/>
  <testcase classname="com.sample.maven.SignInTest" name="skipTest" time="0.001">
    <skipped/>
  </testcase> <!-- skipTest -->
  <system-out/>
</testsuite> <!-- com.sample.maven.SignInTest -->
